SF:lib/repositories/models/user_model.dart
DA:6,0
DA:11,0
DA:12,0
DA:13,0
DA:14,0
DA:17,0
DA:18,0
DA:19,0
DA:20,0
LF:9
LH:0
end_of_record
SF:lib/repositories/user_repository.dart
DA:9,0
DA:13,0
DA:17,0
DA:18,0
DA:21,0
DA:26,0
DA:30,0
DA:33,0
DA:37,0
DA:40,0
DA:41,0
DA:45,0
DA:49,0
DA:53,0
DA:57,0
LF:15
LH:0
end_of_record
SF:lib/blocs/authentication/authentication_bloc.dart
DA:14,1
DA:16,1
DA:17,1
DA:20,0
DA:23,0
DA:24,0
DA:27,0
DA:29,0
DA:33,0
DA:34,0
DA:35,0
DA:36,0
DA:38,0
DA:41,0
DA:42,0
DA:43,0
DA:44,0
LF:17
LH:3
end_of_record
SF:lib/blocs/authentication/authentication_event.dart
DA:7,0
DA:9,0
DA:10,0
DA:28,0
DA:30,0
DA:31,0
DA:33,0
DA:34,0
LF:8
LH:0
end_of_record
SF:lib/blocs/authentication/authentication_state.dart
DA:6,0
DA:7,0
LF:2
LH:0
end_of_record
SF:lib/blocs/login/login_bloc.dart
DA:14,1
DA:17,1
DA:18,0
DA:20,2
DA:23,0
DA:24,0
DA:25,0
DA:28,0
DA:29,0
DA:30,0
DA:33,0
DA:34,0
DA:36,0
LF:13
LH:3
end_of_record
SF:lib/blocs/login/login_event.dart
DA:5,0
DA:12,0
DA:17,0
DA:18,0
DA:20,0
DA:21,0
LF:6
LH:0
end_of_record
SF:lib/blocs/login/login_state.dart
DA:5,1
DA:7,0
DA:8,0
DA:18,0
DA:20,0
DA:21,0
DA:23,0
DA:24,0
LF:8
LH:1
end_of_record
SF:lib/dao/user_dao.dart
DA:7,0
DA:8,0
DA:10,0
DA:14,0
DA:15,0
DA:16,0
DA:20,0
DA:21,0
DA:23,0
DA:24,0
LF:10
LH:0
end_of_record
SF:lib/database/user_database.dart
DA:11,0
DA:15,0
DA:16,0
DA:17,0
DA:19,0
DA:20,0
DA:23,0
DA:24,0
DA:25,0
DA:27,0
DA:30,0
DA:31,0
DA:37,0
DA:42,0
DA:45,0
DA:46,0
LF:16
LH:0
end_of_record
SF:lib/repositories/api/login_api_client.dart
DA:8,0
DA:10,0
DA:11,0
DA:12,0
DA:13,0
DA:14,0
DA:17,0
DA:19,0
DA:20,0
DA:22,0
DA:23,0
LF:11
LH:0
end_of_record
SF:lib/repositories/api/theme_api_client.dart
DA:10,0
DA:12,0
DA:13,0
DA:15,0
DA:16,0
DA:19,0
DA:21,0
LF:7
LH:0
end_of_record
SF:lib/repositories/favourites_repository.dart
DA:4,0
DA:6,0
DA:8,0
DA:11,0
LF:4
LH:0
end_of_record
SF:lib/repositories/home_repository.dart
DA:6,0
DA:8,0
DA:10,0
DA:13,0
LF:4
LH:0
end_of_record
SF:lib/repositories/journal_repository.dart
DA:4,0
DA:6,0
DA:8,0
DA:11,0
LF:4
LH:0
end_of_record
SF:lib/repositories/models/theme.dart
DA:7,0
DA:9,0
DA:10,0
DA:12,0
DA:13,0
DA:14,0
DA:15,0
DA:19,0
DA:20,0
LF:9
LH:0
end_of_record
SF:lib/repositories/models/user_api_model.dart
DA:5,0
DA:7,0
DA:8,0
DA:9,0
DA:16,0
DA:18,0
DA:19,0
DA:20,0
LF:8
LH:0
end_of_record
SF:lib/repositories/profile_repository.dart
DA:4,0
DA:6,0
DA:8,0
DA:11,0
LF:4
LH:0
end_of_record
SF:lib/repositories/theme_repository.dart
DA:8,0
DA:10,0
DA:12,0
DA:14,0
DA:17,0
DA:19,0
DA:20,0
LF:7
LH:0
end_of_record
